
> website-school-smpipyakin@0.1.0 dev
> next dev

   ▲ Next.js 15.5.9
   - Local:        http://localhost:3000
   - Network:      http://192.168.0.2:3000

 ✓ Starting...
Attention: Next.js now collects completely anonymous telemetry regarding usage.
This information is used to shape Next.js' roadmap and prioritize features.
You can learn more, including how to opt-out if you'd not like to participate in this anonymous program, by visiting the following URL:
https://nextjs.org/telemetry

 ✓ Ready in 2.1s
 ○ Compiling /middleware ...
 ✓ Compiled /middleware in 1011ms (180 modules)
 ○ Compiling /profile/guru ...
 ✓ Compiled /profile/guru in 11.7s (1588 modules)
 GET /profile/guru 200 in 14480ms
 ○ Compiling /api/auth/verify ...
 ✓ Compiled /_not-found in 3.2s (1672 modules)
 GET /api/auth/verify 401 in 3954ms
 GET /profile/avatarAI.png 404 in 3266ms
 GET /profile/guru 200 in 125ms
